ERROR - 2023-03-08 09:42:15 --> Error connecting to the database: mysqli_sql_exception: No connection could be made because the target machine actively refused it in C:\xampp\htdocs\Darwin_jewels\system\Database\MySQLi\Connection.php:173
Stack trace:
#0 C:\xampp\htdocs\Darwin_jewels\system\Database\MySQLi\Connection.php(173): mysqli->real_connect('localhost', 'root', Object(SensitiveParameterValue), 'ecommerce', 3306, '', 0)
#1 C:\xampp\htdocs\Darwin_jewels\system\Database\BaseConnection.php(391): CodeIgniter\Database\MySQLi\Connection->connect(false)
#2 C:\xampp\htdocs\Darwin_jewels\system\Database\BaseConnection.php(573): CodeIgniter\Database\BaseConnection->initialize()
#3 C:\xampp\htdocs\Darwin_jewels\system\Database\BaseBuilder.php(1616): CodeIgniter\Database\BaseConnection->query('SELECT *\nFROM `...', Array, false)
#4 C:\xampp\htdocs\Darwin_jewels\system\Model.php(241): CodeIgniter\Database\BaseBuilder->get()
#5 C:\xampp\htdocs\Darwin_jewels\system\BaseModel.php(618): CodeIgniter\Model->doFindAll(0, 0)
#6 C:\xampp\htdocs\Darwin_jewels\app\Controllers\homepageController.php(62): CodeIgniter\BaseModel->findAll()
#7 C:\xampp\htdocs\Darwin_jewels\app\Controllers\homepageController.php(45): App\Controllers\homepageController->getCategoryData()
#8 C:\xampp\htdocs\Darwin_jewels\system\CodeIgniter.php(934): App\Controllers\homepageController->index()
#9 C:\xampp\htdocs\Darwin_jewels\system\CodeIgniter.php(499): CodeIgniter\CodeIgniter->runController(Object(App\Controllers\homepageController))
#10 C:\xampp\htdocs\Darwin_jewels\system\CodeIgniter.php(368): CodeIgniter\CodeIgniter->handleRequest(NULL, Object(Config\Cache), false)
#11 C:\xampp\htdocs\Darwin_jewels\public\index.php(67): CodeIgniter\CodeIgniter->run()
#12 C:\xampp\htdocs\Darwin_jewels\system\Commands\Server\rewrite.php(47): require_once('C:\\xampp\\htdocs...')
#13 {main}

Next CodeIgniter\Database\Exceptions\DatabaseException: No connection could be made because the target machine actively refused it in C:\xampp\htdocs\Darwin_jewels\system\Database\MySQLi\Connection.php:218
Stack trace:
#0 C:\xampp\htdocs\Darwin_jewels\system\Database\BaseConnection.php(391): CodeIgniter\Database\MySQLi\Connection->connect(false)
#1 C:\xampp\htdocs\Darwin_jewels\system\Database\BaseConnection.php(573): CodeIgniter\Database\BaseConnection->initialize()
#2 C:\xampp\htdocs\Darwin_jewels\system\Database\BaseBuilder.php(1616): CodeIgniter\Database\BaseConnection->query('SELECT *\nFROM `...', Array, false)
#3 C:\xampp\htdocs\Darwin_jewels\system\Model.php(241): CodeIgniter\Database\BaseBuilder->get()
#4 C:\xampp\htdocs\Darwin_jewels\system\BaseModel.php(618): CodeIgniter\Model->doFindAll(0, 0)
#5 C:\xampp\htdocs\Darwin_jewels\app\Controllers\homepageController.php(62): CodeIgniter\BaseModel->findAll()
#6 C:\xampp\htdocs\Darwin_jewels\app\Controllers\homepageController.php(45): App\Controllers\homepageController->getCategoryData()
#7 C:\xampp\htdocs\Darwin_jewels\system\CodeIgniter.php(934): App\Controllers\homepageController->index()
#8 C:\xampp\htdocs\Darwin_jewels\system\CodeIgniter.php(499): CodeIgniter\CodeIgniter->runController(Object(App\Controllers\homepageController))
#9 C:\xampp\htdocs\Darwin_jewels\system\CodeIgniter.php(368): CodeIgniter\CodeIgniter->handleRequest(NULL, Object(Config\Cache), false)
#10 C:\xampp\htdocs\Darwin_jewels\public\index.php(67): CodeIgniter\CodeIgniter->run()
#11 C:\xampp\htdocs\Darwin_jewels\system\Commands\Server\rewrite.php(47): require_once('C:\\xampp\\htdocs...')
#12 {main}
CRITICAL - 2023-03-08 09:42:15 --> Unable to connect to the database.
Main connection [MySQLi]: No connection could be made because the target machine actively refused it
in SYSTEMPATH\Database\BaseConnection.php on line 427.
 1 SYSTEMPATH\Database\BaseConnection.php(573): CodeIgniter\Database\BaseConnection->initialize()
 2 SYSTEMPATH\Database\BaseBuilder.php(1616): CodeIgniter\Database\BaseConnection->query('SELECT *
FROM `categories`', [], false)
 3 SYSTEMPATH\Model.php(241): CodeIgniter\Database\BaseBuilder->get()
 4 SYSTEMPATH\BaseModel.php(618): CodeIgniter\Model->doFindAll(0, 0)
 5 APPPATH\Controllers\homepageController.php(62): CodeIgniter\BaseModel->findAll()
 6 APPPATH\Controllers\homepageController.php(45): App\Controllers\homepageController->getCategoryData()
 7 SYSTEMPATH\CodeIgniter.php(934): App\Controllers\homepageController->index()
 8 SYSTEMPATH\CodeIgniter.php(499): CodeIgniter\CodeIgniter->runController(Object(App\Controllers\homepageController))
 9 SYSTEMPATH\CodeIgniter.php(368): CodeIgniter\CodeIgniter->handleRequest(null, Object(Config\Cache), false)
10 FCPATH\index.php(67): CodeIgniter\CodeIgniter->run()
11 SYSTEMPATH\Commands\Server\rewrite.php(47): require_once('FCPATH\\index.php')
INFO - 2023-03-08 09:42:30 --> Session: Class initialized using 'CodeIgniter\Session\Handlers\FileHandler' driver.
INFO - 2023-03-08 09:42:52 --> Session: Class initialized using 'CodeIgniter\Session\Handlers\FileHandler' driver.
INFO - 2023-03-08 09:42:52 --> Session: Class initialized using 'CodeIgniter\Session\Handlers\FileHandler' driver.
INFO - 2023-03-08 09:43:10 --> Session: Class initialized using 'CodeIgniter\Session\Handlers\FileHandler' driver.
INFO - 2023-03-08 09:43:36 --> Session: Class initialized using 'CodeIgniter\Session\Handlers\FileHandler' driver.
INFO - 2023-03-08 09:43:39 --> Session: Class initialized using 'CodeIgniter\Session\Handlers\FileHandler' driver.
INFO - 2023-03-08 09:43:41 --> Session: Class initialized using 'CodeIgniter\Session\Handlers\FileHandler' driver.
INFO - 2023-03-08 09:43:41 --> Session: Class initialized using 'CodeIgniter\Session\Handlers\FileHandler' driver.
